{"timestamp":"2026-01-29T20:26:08.827+0300","source":"app/main.go:22","message":"trace","error":"ERROR: duplicate key value violates unique constraint \"chats_pkey\" (SQLSTATE 23505)","elapsed":0.000957295,"rows":0,"sql":"INSERT INTO chats (title,id) VALUES ('ttt',1) RETURNING id,created_at"}
{"timestamp":"2026-01-29T20:35:30.328+0300","source":"app/main.go:24","message":"trace","error":"ERROR: relation \"mesages\" does not exist (SQLSTATE 42P01)","elapsed":0.000359185,"rows":0,"sql":"INSERT INTO mesages (chat_id,text) VALUES (1,'feefefefe') RETURNING id,created_at"}
{"timestamp":"2026-01-29T20:35:37.117+0300","source":"app/main.go:24","message":"trace","error":"ERROR: relation \"mesages\" does not exist (SQLSTATE 42P01)","elapsed":0.000334809,"rows":0,"sql":"INSERT INTO mesages (chat_id,text) VALUES (1,'feefefefe') RETURNING id,created_at"}
{"timestamp":"2026-01-29T20:47:01.044+0300","source":"app/main.go:24","message":"trace","error":"ERROR: insert or update on table \"messages\" violates foreign key constraint \"messages_chat_id_fkey\" (SQLSTATE 23503)","elapsed":0.001127667,"rows":0,"sql":"INSERT INTO messages (chat_id,text) VALUES (1,'feefefefe') RETURNING id,created_at"}
{"timestamp":"2026-01-29T20:48:14.966+0300","source":"app/main.go:24","message":"trace","error":"ERROR: insert or update on table \"messages\" violates foreign key constraint \"messages_chat_id_fkey\" (SQLSTATE 23503)","elapsed":0.001040853,"rows":0,"sql":"INSERT INTO messages (chat_id,text) VALUES (1,'feefefefe') RETURNING id,created_at"}
{"timestamp":"2026-01-29T20:48:15.932+0300","source":"app/main.go:24","message":"trace","error":"ERROR: insert or update on table \"messages\" violates foreign key constraint \"messages_chat_id_fkey\" (SQLSTATE 23503)","elapsed":0.002058161,"rows":0,"sql":"INSERT INTO messages (chat_id,text) VALUES (1,'feefefefe') RETURNING id,created_at"}
{"timestamp":"2026-01-29T20:48:16.708+0300","source":"app/main.go:24","message":"trace","error":"ERROR: insert or update on table \"messages\" violates foreign key constraint \"messages_chat_id_fkey\" (SQLSTATE 23503)","elapsed":0.001797184,"rows":0,"sql":"INSERT INTO messages (chat_id,text) VALUES (1,'feefefefe') RETURNING id,created_at"}
{"timestamp":"2026-01-29T20:48:29.944+0300","source":"app/main.go:24","message":"trace","error":"ERROR: insert or update on table \"messages\" violates foreign key constraint \"messages_chat_id_fkey\" (SQLSTATE 23503)","elapsed":0.001450103,"rows":0,"sql":"INSERT INTO messages (chat_id,text) VALUES (1,'feefefefe') RETURNING id,created_at"}
{"timestamp":"2026-01-29T20:48:38.087+0300","source":"app/main.go:24","message":"trace","error":"ERROR: insert or update on table \"messages\" violates foreign key constraint \"messages_chat_id_fkey\" (SQLSTATE 23503)","elapsed":0.001488276,"rows":0,"sql":"INSERT INTO messages (chat_id,text) VALUES (1,'feefefefe') RETURNING id,created_at"}
{"timestamp":"2026-01-29T20:48:53.225+0300","source":"app/main.go:24","message":"trace","error":"ERROR: insert or update on table \"messages\" violates foreign key constraint \"messages_chat_id_fkey\" (SQLSTATE 23503)","elapsed":0.001828585,"rows":0,"sql":"INSERT INTO messages (chat_id,text) VALUES (1,'feefefefe') RETURNING id,created_at"}
{"timestamp":"2026-01-29T20:49:07.616+0300","source":"app/main.go:24","message":"trace","error":"ERROR: insert or update on table \"messages\" violates foreign key constraint \"messages_chat_id_fkey\" (SQLSTATE 23503)","elapsed":0.001924326,"rows":0,"sql":"INSERT INTO messages (chat_id,text) VALUES (2,'feefefefe') RETURNING id,created_at"}
{"timestamp":"2026-01-29T20:49:08.619+0300","source":"app/main.go:24","message":"trace","error":"ERROR: insert or update on table \"messages\" violates foreign key constraint \"messages_chat_id_fkey\" (SQLSTATE 23503)","elapsed":0.001511219,"rows":0,"sql":"INSERT INTO messages (chat_id,text) VALUES (2,'feefefefe') RETURNING id,created_at"}
{"timestamp":"2026-01-30T11:14:24.870+0300","source":"service/messenger_service.go:47","message":"trace","error":"ERROR: relation \"chats\" does not exist (SQLSTATE 42P01)","elapsed":0.000430702,"rows":0,"sql":"INSERT INTO chats (title) VALUES ('ttt') RETURNING created_at,id"}
{"timestamp":"2026-01-30T11:14:28.362+0300","source":"service/messenger_service.go:47","message":"trace","error":"ERROR: relation \"chats\" does not exist (SQLSTATE 42P01)","elapsed":0.000461198,"rows":0,"sql":"INSERT INTO chats (title) VALUES ('ttt') RETURNING created_at,id"}
{"timestamp":"2026-01-30T11:40:09.546+0300","source":"loggerzap/logger.go:57","message":"Validation failed","error":"incorrect length title: 0"}
{"timestamp":"2026-01-30T11:43:57.604+0300","source":"loggerzap/logger.go:57","message":"Validation failed","error":"incorrect length title: 552"}
{"timestamp":"2026-01-30T11:44:39.784+0300","source":"loggerzap/logger.go:57","message":"Validation failed","error":"incorrect length title: 552"}
{"timestamp":"2026-01-30T11:45:08.796+0300","source":"loggerzap/logger.go:57","message":"Validation failed","error":"incorrect length title: 552"}
{"timestamp":"2026-01-30T11:45:36.714+0300","source":"loggerzap/logger.go:57","message":"Validation failed","error":"incorrect length title: 552"}
{"timestamp":"2026-01-30T11:46:25.352+0300","source":"loggerzap/logger.go:57","message":"Validation failed","error":"incorrect length title: 552"}
{"timestamp":"2026-01-30T11:46:25.353+0300","source":"loggerzap/logger.go:57","message":"Rollback. The changes were not saved."}
{"timestamp":"2026-01-30T11:50:13.942+0300","source":"loggerzap/logger.go:57","message":"Validation failed","error":"incorrect length title: 552"}
{"timestamp":"2026-01-30T11:50:25.132+0300","source":"loggerzap/logger.go:57","message":"Validation failed","error":"incorrect length title: 552"}
{"timestamp":"2026-01-30T11:50:27.559+0300","source":"loggerzap/logger.go:57","message":"Validation failed","error":"incorrect length title: 552"}
{"timestamp":"2026-01-30T11:50:29.225+0300","source":"loggerzap/logger.go:57","message":"Validation failed","error":"incorrect length title: 552"}
{"timestamp":"2026-01-30T11:50:30.388+0300","source":"loggerzap/logger.go:57","message":"Validation failed","error":"incorrect length title: 552"}
{"timestamp":"2026-01-30T11:52:04.283+0300","source":"loggerzap/logger.go:57","message":"Validation failed","error":"incorrect length title: 782"}
{"timestamp":"2026-01-30T11:52:20.249+0300","source":"loggerzap/logger.go:57","message":"Validation failed","error":"incorrect length title: 782"}
{"timestamp":"2026-01-30T11:52:38.229+0300","source":"loggerzap/logger.go:57","message":"Validation failed","error":"incorrect length title: 782"}
{"timestamp":"2026-01-30T12:16:45.164+0300","source":"loggerzap/logger.go:57","message":"Validation failed","error":"incorrect length title: 782"}
{"timestamp":"2026-01-30T12:18:00.376+0300","source":"service/messenger_service.go:85","message":"trace","error":"ERROR: insert or update on table \"messages\" violates foreign key constraint \"messages_chat_id_fkey\" (SQLSTATE 23503)","elapsed":0.001789768,"rows":0,"sql":"INSERT INTO messages (chat_id,text) VALUES (5,'test := repository.NewMessengerRepository(con)') RETURNING created_at,id"}
{"timestamp":"2026-01-30T12:28:34.525+0300","source":"service/messenger_service.go:114","message":"trace","error":"record not found","elapsed":0.001282366,"rows":0,"sql":"SELECT * FROM chats WHERE chats.id = 100 ORDER BY chats.id LIMIT 1"}
{"timestamp":"2026-01-30T12:28:42.866+0300","source":"service/messenger_service.go:114","message":"trace","error":"record not found","elapsed":0.001163845,"rows":0,"sql":"SELECT * FROM chats WHERE chats.id = 100 ORDER BY chats.id LIMIT 1"}
{"timestamp":"2026-01-30T12:36:44.086+0300","source":"service/messenger_service.go:142","message":"trace","error":"record not found","elapsed":0.002096025,"rows":0,"sql":"SELECT * FROM chats WHERE chats.id = 3 ORDER BY chats.id LIMIT 1"}
{"timestamp":"2026-01-30T12:36:52.239+0300","source":"service/messenger_service.go:142","message":"trace","error":"record not found","elapsed":0.001206029,"rows":0,"sql":"SELECT * FROM chats WHERE chats.id = 3 ORDER BY chats.id LIMIT 1"}
{"timestamp":"2026-01-30T17:27:27.848+0300","source":"loggerzap/logger.go:57","message":"id limit must be integer","error":"strconv.Atoi: parsing \"\": invalid syntax"}
{"timestamp":"2026-01-30T17:27:43.151+0300","source":"loggerzap/logger.go:57","message":"id limit must be integer","error":"strconv.Atoi: parsing \"\": invalid syntax"}
{"timestamp":"2026-01-30T17:38:46.350+0300","source":"service/messenger_service.go:142","message":"trace","error":"ERROR: column messages.time does not exist (SQLSTATE 42703)","elapsed":0.004113627,"rows":0,"sql":"SELECT messages.text,messages.time FROM messages WHERE chat_id = 1 ORDER BY created_at DESC LIMIT 1"}
{"timestamp":"2026-01-30T17:38:51.693+0300","source":"service/messenger_service.go:142","message":"trace","error":"ERROR: column messages.time does not exist (SQLSTATE 42703)","elapsed":0.000444443,"rows":0,"sql":"SELECT messages.text,messages.time FROM messages WHERE chat_id = 1 ORDER BY created_at DESC LIMIT 1"}
{"timestamp":"2026-01-30T17:40:20.516+0300","source":"service/messenger_service.go:142","message":"trace","error":"ERROR: column messages.time does not exist (SQLSTATE 42703)","elapsed":0.002167958,"rows":0,"sql":"SELECT messages.text,messages.time FROM messages WHERE chat_id = 1 ORDER BY created_at DESC LIMIT 1"}
{"timestamp":"2026-01-30T17:40:28.197+0300","source":"service/messenger_service.go:142","message":"trace","error":"ERROR: column messages.time does not exist (SQLSTATE 42703)","elapsed":0.000372642,"rows":0,"sql":"SELECT messages.text,messages.time FROM messages WHERE chat_id = 1 ORDER BY created_at DESC LIMIT 20"}
{"timestamp":"2026-01-30T17:42:53.295+0300","source":"service/messenger_service.go:85","message":"trace","error":"ERROR: insert or update on table \"messages\" violates foreign key constraint \"messages_chat_id_fkey\" (SQLSTATE 23503)","elapsed":0.004464228,"rows":0,"sql":"INSERT INTO messages (chat_id,text) VALUES (10,'hello') RETURNING created_at,id"}
{"timestamp":"2026-01-30T17:44:19.487+0300","source":"service/messenger_service.go:85","message":"trace","error":"ERROR: insert or update on table \"messages\" violates foreign key constraint \"messages_chat_id_fkey\" (SQLSTATE 23503)","elapsed":0.00179889,"rows":0,"sql":"INSERT INTO messages (chat_id,text) VALUES (10,'hello') RETURNING created_at,id"}
{"timestamp":"2026-01-30T17:44:19.488+0300","source":"loggerzap/logger.go:57","message":"http: request method or response status code does not allow body"}
{"timestamp":"2026-01-30T17:44:44.087+0300","source":"service/messenger_service.go:85","message":"trace","error":"ERROR: insert or update on table \"messages\" violates foreign key constraint \"messages_chat_id_fkey\" (SQLSTATE 23503)","elapsed":0.000578688,"rows":0,"sql":"INSERT INTO messages (chat_id,text) VALUES (10,'hello') RETURNING created_at,id"}
{"timestamp":"2026-01-30T17:44:44.087+0300","source":"loggerzap/logger.go:57","message":"http: request method or response status code does not allow body"}
{"timestamp":"2026-01-30T17:45:49.466+0300","source":"service/messenger_service.go:85","message":"trace","error":"ERROR: insert or update on table \"messages\" violates foreign key constraint \"messages_chat_id_fkey\" (SQLSTATE 23503)","elapsed":0.003381645,"rows":0,"sql":"INSERT INTO messages (chat_id,text) VALUES (10,'hello') RETURNING created_at,id"}
{"timestamp":"2026-01-30T17:45:53.032+0300","source":"service/messenger_service.go:85","message":"trace","error":"ERROR: insert or update on table \"messages\" violates foreign key constraint \"messages_chat_id_fkey\" (SQLSTATE 23503)","elapsed":0.001082402,"rows":0,"sql":"INSERT INTO messages (chat_id,text) VALUES (10,'hello') RETURNING created_at,id"}
{"timestamp":"2026-01-30T17:46:20.278+0300","source":"service/messenger_service.go:142","message":"trace","error":"record not found","elapsed":0.001027375,"rows":0,"sql":"SELECT * FROM chats WHERE chats.id = 10 ORDER BY chats.id LIMIT 1"}
{"timestamp":"2026-01-30T17:47:35.184+0300","source":"service/messenger_service.go:142","message":"trace","error":"record not found","elapsed":0.003192035,"rows":0,"sql":"SELECT * FROM chats WHERE chats.id = 10 ORDER BY chats.id LIMIT 1"}
{"timestamp":"2026-01-30T17:48:41.604+0300","source":"service/messenger_service.go:142","message":"trace","error":"record not found","elapsed":0.003106571,"rows":0,"sql":"SELECT * FROM chats WHERE chats.id = 10 ORDER BY chats.id LIMIT 1"}
{"timestamp":"2026-01-30T17:48:43.295+0300","source":"service/messenger_service.go:142","message":"trace","error":"record not found","elapsed":0.000292505,"rows":0,"sql":"SELECT * FROM chats WHERE chats.id = 10 ORDER BY chats.id LIMIT 1"}
{"timestamp":"2026-01-30T17:49:32.057+0300","source":"service/messenger_service.go:142","message":"trace","error":"record not found","elapsed":0.002079334,"rows":0,"sql":"SELECT * FROM chats WHERE chats.id = 10 ORDER BY chats.id LIMIT 1"}
{"timestamp":"2026-01-30T17:50:21.736+0300","source":"service/messenger_service.go:85","message":"trace","error":"ERROR: insert or update on table \"messages\" violates foreign key constraint \"messages_chat_id_fkey\" (SQLSTATE 23503)","elapsed":0.001499483,"rows":0,"sql":"INSERT INTO messages (chat_id,text) VALUES (10,'hello') RETURNING created_at,id"}
{"timestamp":"2026-01-30T17:51:03.442+0300","source":"service/messenger_service.go:85","message":"trace","error":"ERROR: insert or update on table \"messages\" violates foreign key constraint \"messages_chat_id_fkey\" (SQLSTATE 23503)","elapsed":0.002176289,"rows":0,"sql":"INSERT INTO messages (chat_id,text) VALUES (10,'hello') RETURNING created_at,id"}
{"timestamp":"2026-01-30T17:53:32.291+0300","source":"loggerzap/logger.go:57","message":"Validation failed","error":"incorrect length title: 0"}
{"timestamp":"2026-01-30T17:57:13.794+0300","source":"loggerzap/logger.go:57","message":"Validation failed","error":"incorrect length title: 0"}
{"timestamp":"2026-01-30T17:57:15.552+0300","source":"loggerzap/logger.go:57","message":"Validation failed","error":"incorrect length title: 0"}
{"timestamp":"2026-01-30T17:58:10.924+0300","source":"loggerzap/logger.go:57","message":"Validation failed","error":"incorrect length title: 0"}
{"timestamp":"2026-01-30T17:58:12.358+0300","source":"loggerzap/logger.go:57","message":"Validation failed","error":"incorrect length title: 0"}
{"timestamp":"2026-01-30T17:58:22.350+0300","source":"loggerzap/logger.go:57","message":"Validation failed","error":"incorrect length title: 0"}
{"timestamp":"2026-01-30T18:00:07.593+0300","source":"loggerzap/logger.go:57","message":"Validation failed","error":"incorrect length title"}
{"timestamp":"2026-01-30T18:00:25.938+0300","source":"loggerzap/logger.go:57","message":"Validation failed","error":"incorrect length title"}
{"timestamp":"2026-01-30T18:01:42.695+0300","source":"loggerzap/logger.go:57","message":"Validation failed","error":"incorrect length title"}
{"timestamp":"2026-01-30T18:02:40.403+0300","source":"loggerzap/logger.go:57","message":"Validation failed","error":"incorrect length title"}
{"timestamp":"2026-01-30T18:03:22.142+0300","source":"service/messenger_service.go:89","message":"trace","error":"ERROR: insert or update on table \"messages\" violates foreign key constraint \"messages_chat_id_fkey\" (SQLSTATE 23503)","elapsed":0.002755147,"rows":0,"sql":"INSERT INTO messages (chat_id,text) VALUES (10,'f') RETURNING created_at,id"}
{"timestamp":"2026-01-30T18:06:05.772+0300","source":"service/messenger_service.go:118","message":"trace","error":"record not found","elapsed":0.001701369,"rows":0,"sql":"SELECT * FROM chats WHERE chats.id = 10 ORDER BY chats.id LIMIT 1"}
{"timestamp":"2026-01-30T19:30:25.212+0300","source":"loggerzap/logger.go:57","message":"Validation failed","error":"incorrect length title: 0"}
{"timestamp":"2026-01-30T19:31:00.521+0300","source":"service/messenger_service.go:161","message":"trace","error":"record not found","elapsed":0.000585645,"rows":0,"sql":"SELECT * FROM chats WHERE chats.id = 2 ORDER BY chats.id LIMIT 1"}
{"timestamp":"2026-01-31T00:02:52.756+0300","source":"service/messenger_service.go:69","message":"trace","error":"ERROR: relation \"chats\" does not exist (SQLSTATE 42P01)","elapsed":0.001024609,"rows":0,"sql":"INSERT INTO chats (title) VALUES ('fdf') RETURNING created_at,id"}
{"timestamp":"2026-01-31T00:03:24.394+0300","source":"service/messenger_service.go:69","message":"trace","error":"ERROR: relation \"chats\" does not exist (SQLSTATE 42P01)","elapsed":0.000375512,"rows":0,"sql":"INSERT INTO chats (title) VALUES ('fdf') RETURNING created_at,id"}
{"timestamp":"2026-01-31T00:05:21.404+0300","source":"service/messenger_service.go:69","message":"trace","error":"ERROR: relation \"chats\" does not exist (SQLSTATE 42P01)","elapsed":0.000858228,"rows":0,"sql":"INSERT INTO chats (title) VALUES ('fdf') RETURNING created_at,id"}
{"timestamp":"2026-01-31T00:05:45.355+0300","source":"service/messenger_service.go:69","message":"trace","error":"ERROR: relation \"chats\" does not exist (SQLSTATE 42P01)","elapsed":0.001346546,"rows":0,"sql":"INSERT INTO chats (title) VALUES ('fdf') RETURNING created_at,id"}
{"timestamp":"2026-01-31T00:07:12.722+0300","source":"service/messenger_service.go:69","message":"trace","error":"ERROR: relation \"chats\" does not exist (SQLSTATE 42P01)","elapsed":0.000792612,"rows":0,"sql":"INSERT INTO chats (title) VALUES ('fdf') RETURNING created_at,id"}
{"timestamp":"2026-01-31T00:11:09.423+0300","source":"service/messenger_service.go:69","message":"trace","error":"ERROR: relation \"chats\" does not exist (SQLSTATE 42P01)","elapsed":0.000511281,"rows":0,"sql":"INSERT INTO chats (title) VALUES ('fdf') RETURNING created_at,id"}
{"timestamp":"2026-01-31T00:23:32.292+0300","source":"service/messenger_service.go:69","message":"trace","error":"ERROR: relation \"chats\" does not exist (SQLSTATE 42P01)","elapsed":0.000955308,"rows":0,"sql":"INSERT INTO chats (title) VALUES ('fdf') RETURNING created_at,id"}
{"timestamp":"2026-01-31T00:23:35.133+0300","source":"service/messenger_service.go:69","message":"trace","error":"ERROR: relation \"chats\" does not exist (SQLSTATE 42P01)","elapsed":0.000295211,"rows":0,"sql":"INSERT INTO chats (title) VALUES ('fdf') RETURNING created_at,id"}
{"timestamp":"2026-01-31T00:23:52.125+0300","source":"service/messenger_service.go:69","message":"trace","error":"ERROR: relation \"chats\" does not exist (SQLSTATE 42P01)","elapsed":0.000505358,"rows":0,"sql":"INSERT INTO chats (title) VALUES ('fdf') RETURNING created_at,id"}
{"timestamp":"2026-01-31T00:24:26.820+0300","source":"service/messenger_service.go:69","message":"trace","error":"ERROR: relation \"chats\" does not exist (SQLSTATE 42P01)","elapsed":0.000610821,"rows":0,"sql":"INSERT INTO chats (title) VALUES ('fdf') RETURNING created_at,id"}
{"timestamp":"2026-01-31T19:45:37.666+0300","source":"service/messenger_service.go:69","message":"trace","error":"ERROR: relation \"chats\" does not exist (SQLSTATE 42P01)","elapsed":0.001337647,"rows":0,"sql":"INSERT INTO chats (title) VALUES ('fdf') RETURNING created_at,id"}
{"timestamp":"2026-01-31T19:45:41.772+0300","source":"service/messenger_service.go:69","message":"trace","error":"ERROR: relation \"chats\" does not exist (SQLSTATE 42P01)","elapsed":0.000387486,"rows":0,"sql":"INSERT INTO chats (title) VALUES ('fdf') RETURNING created_at,id"}
{"timestamp":"2026-01-31T19:48:37.431+0300","source":"service/messenger_service.go:69","message":"trace","error":"ERROR: relation \"chats\" does not exist (SQLSTATE 42P01)","elapsed":0.001035212,"rows":0,"sql":"INSERT INTO chats (title) VALUES ('fdf') RETURNING created_at,id"}
{"timestamp":"2026-01-31T19:48:51.873+0300","source":"service/messenger_service.go:69","message":"trace","error":"ERROR: relation \"chats\" does not exist (SQLSTATE 42P01)","elapsed":0.000737343,"rows":0,"sql":"INSERT INTO chats (title) VALUES ('fdf') RETURNING created_at,id"}
{"timestamp":"2026-01-31T19:49:52.709+0300","source":"service/messenger_service.go:69","message":"trace","error":"ERROR: relation \"chats\" does not exist (SQLSTATE 42P01)","elapsed":0.001258842,"rows":0,"sql":"INSERT INTO chats (title) VALUES ('fdf') RETURNING created_at,id"}
{"timestamp":"2026-01-31T19:50:00.862+0300","source":"service/messenger_service.go:69","message":"trace","error":"ERROR: relation \"chats\" does not exist (SQLSTATE 42P01)","elapsed":0.000342593,"rows":0,"sql":"INSERT INTO chats (title) VALUES ('fdf') RETURNING created_at,id"}
{"timestamp":"2026-01-31T20:00:34.868+0300","source":"service/messenger_service.go:69","message":"trace","error":"ERROR: relation \"chats\" does not exist (SQLSTATE 42P01)","elapsed":0.000867699,"rows":0,"sql":"INSERT INTO chats (title) VALUES ('fdf') RETURNING created_at,id"}
{"timestamp":"2026-01-31T20:40:26.104+0300","source":"service/messenger_service.go:69","message":"trace","error":"ERROR: relation \"chats\" does not exist (SQLSTATE 42P01)","elapsed":0.000752674,"rows":0,"sql":"INSERT INTO chats (title) VALUES ('fdf') RETURNING created_at,id"}
{"timestamp":"2026-01-31T20:43:34.348+0300","source":"service/messenger_service.go:69","message":"trace","error":"ERROR: relation \"chats\" does not exist (SQLSTATE 42P01)","elapsed":0.000489163,"rows":0,"sql":"INSERT INTO chats (title) VALUES ('fdf') RETURNING created_at,id"}
{"timestamp":"2026-01-31T20:43:35.628+0300","source":"service/messenger_service.go:69","message":"trace","error":"ERROR: relation \"chats\" does not exist (SQLSTATE 42P01)","elapsed":0.000405192,"rows":0,"sql":"INSERT INTO chats (title) VALUES ('fdf') RETURNING created_at,id"}
{"timestamp":"2026-01-31T20:43:46.949+0300","source":"service/messenger_service.go:69","message":"trace","error":"ERROR: relation \"chats\" does not exist (SQLSTATE 42P01)","elapsed":0.000701537,"rows":0,"sql":"INSERT INTO chats (title) VALUES ('fdf') RETURNING created_at,id"}
{"timestamp":"2026-01-31T20:47:04.285+0300","source":"service/messenger_service.go:69","message":"trace","error":"ERROR: relation \"chats\" does not exist (SQLSTATE 42P01)","elapsed":0.000654776,"rows":0,"sql":"INSERT INTO chats (title) VALUES ('fdf') RETURNING created_at,id"}
{"timestamp":"2026-01-31T20:47:05.691+0300","source":"service/messenger_service.go:69","message":"trace","error":"ERROR: relation \"chats\" does not exist (SQLSTATE 42P01)","elapsed":0.000324867,"rows":0,"sql":"INSERT INTO chats (title) VALUES ('fdf') RETURNING created_at,id"}
{"timestamp":"2026-01-31T20:57:44.812+0300","source":"service/messenger_service.go:69","message":"trace","error":"ERROR: relation \"chats\" does not exist (SQLSTATE 42P01)","elapsed":0.000268569,"rows":0,"sql":"INSERT INTO chats (title) VALUES ('fdf') RETURNING created_at,id"}
{"timestamp":"2026-01-31T20:57:57.837+0300","source":"service/messenger_service.go:69","message":"trace","error":"ERROR: relation \"chats\" does not exist (SQLSTATE 42P01)","elapsed":0.00084766,"rows":0,"sql":"INSERT INTO chats (title) VALUES ('fdf') RETURNING created_at,id"}
{"timestamp":"2026-01-31T20:58:41.186+0300","source":"service/messenger_service.go:69","message":"trace","error":"ERROR: relation \"chats\" does not exist (SQLSTATE 42P01)","elapsed":0.000675978,"rows":0,"sql":"INSERT INTO chats (title) VALUES ('fdf') RETURNING created_at,id"}
{"timestamp":"2026-01-31T21:07:43.651+0300","source":"service/messenger_service.go:69","message":"trace","error":"ERROR: relation \"chats\" does not exist (SQLSTATE 42P01)","elapsed":0.001322749,"rows":0,"sql":"INSERT INTO chats (title) VALUES ('fdf') RETURNING created_at,id"}
{"timestamp":"2026-01-31T21:13:20.776+0300","source":"service/messenger_service.go:69","message":"trace","error":"ERROR: relation \"chats\" does not exist (SQLSTATE 42P01)","elapsed":0.00083756,"rows":0,"sql":"INSERT INTO chats (title) VALUES ('fdf') RETURNING created_at,id"}
{"timestamp":"2026-01-31T21:13:27.775+0300","source":"service/messenger_service.go:69","message":"trace","error":"ERROR: relation \"chats\" does not exist (SQLSTATE 42P01)","elapsed":0.000576671,"rows":0,"sql":"INSERT INTO chats (title) VALUES ('fdf') RETURNING created_at,id"}
{"timestamp":"2026-01-31T21:13:49.309+0300","source":"service/messenger_service.go:69","message":"trace","error":"ERROR: relation \"chats\" does not exist (SQLSTATE 42P01)","elapsed":0.000318999,"rows":0,"sql":"INSERT INTO chats (title) VALUES ('fdf') RETURNING created_at,id"}
{"timestamp":"2026-01-31T21:21:16.991+0300","source":"service/messenger_service.go:69","message":"trace","error":"ERROR: relation \"chats\" does not exist (SQLSTATE 42P01)","elapsed":0.001053697,"rows":0,"sql":"INSERT INTO chats (title) VALUES ('fdf') RETURNING created_at,id"}
{"timestamp":"2026-01-31T21:21:30.453+0300","source":"service/messenger_service.go:69","message":"trace","error":"ERROR: relation \"chats\" does not exist (SQLSTATE 42P01)","elapsed":0.000639475,"rows":0,"sql":"INSERT INTO chats (title) VALUES ('fdf') RETURNING created_at,id"}
{"timestamp":"2026-01-31T21:25:31.696+0300","source":"service/messenger_service.go:69","message":"trace","error":"ERROR: relation \"chats\" does not exist (SQLSTATE 42P01)","elapsed":0.000637889,"rows":0,"sql":"INSERT INTO chats (title) VALUES ('fdf') RETURNING created_at,id"}
{"timestamp":"2026-01-31T21:25:32.779+0300","source":"service/messenger_service.go:69","message":"trace","error":"ERROR: relation \"chats\" does not exist (SQLSTATE 42P01)","elapsed":0.000308229,"rows":0,"sql":"INSERT INTO chats (title) VALUES ('fdf') RETURNING created_at,id"}
{"timestamp":"2026-01-31T21:28:24.522+0300","source":"service/messenger_service.go:69","message":"trace","error":"ERROR: relation \"chats\" does not exist (SQLSTATE 42P01)","elapsed":0.000755307,"rows":0,"sql":"INSERT INTO chats (title) VALUES ('fdf') RETURNING created_at,id"}
{"timestamp":"2026-01-31T21:28:25.764+0300","source":"service/messenger_service.go:69","message":"trace","error":"ERROR: relation \"chats\" does not exist (SQLSTATE 42P01)","elapsed":0.000522534,"rows":0,"sql":"INSERT INTO chats (title) VALUES ('fdf') RETURNING created_at,id"}
{"timestamp":"2026-01-31T21:55:49.757+0300","source":"service/messenger_service.go:69","message":"trace","error":"ERROR: relation \"chats\" does not exist (SQLSTATE 42P01)","elapsed":0.001138066,"rows":0,"sql":"INSERT INTO chats (title) VALUES ('fdf') RETURNING created_at,id"}
